<?xml version="1.0" ?>
<!DOCTYPE coverage SYSTEM "http://cobertura.sourceforge.net/xml/coverage-04.dtd">
<coverage lines-valid="4"  lines-covered="3"  line-rate="0.75"  branches-valid="0"  branches-covered="0"  branch-rate="1"  timestamp="1424907050090" complexity="0" version="0.1">
<sources>
	<source>/home/pkosmowski/NetBeansProjects/HelloApp</source>
</sources>
<packages>
	<package name="src"  line-rate="0.75"  branch-rate="1" >
	<classes>
		<class name="app.js"  filename="src/app.js"  line-rate="0.75"  branch-rate="1" >
		<methods>
			<method name="(anonymous_1)"  hits="1"  signature="()V" >
				<lines><line number="1"  hits="1" /></lines>
			</method>
			<method name="(anonymous_2)"  hits="1"  signature="()V" >
				<lines><line number="3"  hits="1" /></lines>
			</method>
			<method name="(anonymous_3)"  hits="0"  signature="()V" >
				<lines><line number="6"  hits="0" /></lines>
			</method>
		</methods>
		<lines>
			<line number="1"  hits="1"  branch="false" />
			<line number="2"  hits="1"  branch="false" />
			<line number="4"  hits="1"  branch="false" />
			<line number="7"  hits="0"  branch="false" />
		</lines>
		</class>
	</classes>
	</package>
</packages>
</coverage>
